Start testing: Dec 29 18:08 Eastern Standard Time
----------------------------------------------------------
1/8 Testing: TruckTest.DefaultConstructor
1/8 Test: TruckTest.DefaultConstructor
Command: "C:/Users/felip/Desktop/CodeProjects/Lunar-Mining/build/Debug/lunar_mining_tests.exe" "--gtest_filter=TruckTest.DefaultConstructor" "--gtest_also_run_disabled_tests"
Directory: C:/Users/felip/Desktop/CodeProjects/Lunar-Mining/build
"TruckTest.DefaultConstructor" start time: Dec 29 18:08 Eastern Standard Time
Output:
----------------------------------------------------------
Running main() from C:\Users\felip\.conan2\p\b\gtestd213f3c2ac0a1\b\src\googletest\src\gtest_main.cc
Note: Google Test filter = TruckTest.DefaultConstructor
[==========] Running 1 test from 1 test suite.
[----------] Global test environment set-up.
[----------] 1 test from TruckTest
[ RUN      ] TruckTest.DefaultConstructor
[       OK ] TruckTest.DefaultConstructor (0 ms)
[----------] 1 test from TruckTest (0 ms total)

[----------] Global test environment tear-down
[==========] 1 test from 1 test suite ran. (0 ms total)
[  PASSED  ] 1 test.
<end of output>
Test time =   0.03 sec
----------------------------------------------------------
Test Passed.
"TruckTest.DefaultConstructor" end time: Dec 29 18:08 Eastern Standard Time
"TruckTest.DefaultConstructor" time elapsed: 00:00:00
----------------------------------------------------------

2/8 Testing: TruckTest.MiningTimeAccumulation
2/8 Test: TruckTest.MiningTimeAccumulation
Command: "C:/Users/felip/Desktop/CodeProjects/Lunar-Mining/build/Debug/lunar_mining_tests.exe" "--gtest_filter=TruckTest.MiningTimeAccumulation" "--gtest_also_run_disabled_tests"
Directory: C:/Users/felip/Desktop/CodeProjects/Lunar-Mining/build
"TruckTest.MiningTimeAccumulation" start time: Dec 29 18:08 Eastern Standard Time
Output:
----------------------------------------------------------
Running main() from C:\Users\felip\.conan2\p\b\gtestd213f3c2ac0a1\b\src\googletest\src\gtest_main.cc
Note: Google Test filter = TruckTest.MiningTimeAccumulation
[==========] Running 1 test from 1 test suite.
[----------] Global test environment set-up.
[----------] 1 test from TruckTest
[ RUN      ] TruckTest.MiningTimeAccumulation
[       OK ] TruckTest.MiningTimeAccumulation (0 ms)
[----------] 1 test from TruckTest (0 ms total)

[----------] Global test environment tear-down
[==========] 1 test from 1 test suite ran. (0 ms total)
[  PASSED  ] 1 test.
<end of output>
Test time =   0.03 sec
----------------------------------------------------------
Test Passed.
"TruckTest.MiningTimeAccumulation" end time: Dec 29 18:08 Eastern Standard Time
"TruckTest.MiningTimeAccumulation" time elapsed: 00:00:00
----------------------------------------------------------

3/8 Testing: TruckTest.AddOtherTimes
3/8 Test: TruckTest.AddOtherTimes
Command: "C:/Users/felip/Desktop/CodeProjects/Lunar-Mining/build/Debug/lunar_mining_tests.exe" "--gtest_filter=TruckTest.AddOtherTimes" "--gtest_also_run_disabled_tests"
Directory: C:/Users/felip/Desktop/CodeProjects/Lunar-Mining/build
"TruckTest.AddOtherTimes" start time: Dec 29 18:08 Eastern Standard Time
Output:
----------------------------------------------------------
Running main() from C:\Users\felip\.conan2\p\b\gtestd213f3c2ac0a1\b\src\googletest\src\gtest_main.cc
Note: Google Test filter = TruckTest.AddOtherTimes
[==========] Running 1 test from 1 test suite.
[----------] Global test environment set-up.
[----------] 1 test from TruckTest
[ RUN      ] TruckTest.AddOtherTimes
[       OK ] TruckTest.AddOtherTimes (0 ms)
[----------] 1 test from TruckTest (0 ms total)

[----------] Global test environment tear-down
[==========] 1 test from 1 test suite ran. (0 ms total)
[  PASSED  ] 1 test.
<end of output>
Test time =   0.03 sec
----------------------------------------------------------
Test Passed.
"TruckTest.AddOtherTimes" end time: Dec 29 18:08 Eastern Standard Time
"TruckTest.AddOtherTimes" time elapsed: 00:00:00
----------------------------------------------------------

4/8 Testing: TruckTest.LoadsDelivered
4/8 Test: TruckTest.LoadsDelivered
Command: "C:/Users/felip/Desktop/CodeProjects/Lunar-Mining/build/Debug/lunar_mining_tests.exe" "--gtest_filter=TruckTest.LoadsDelivered" "--gtest_also_run_disabled_tests"
Directory: C:/Users/felip/Desktop/CodeProjects/Lunar-Mining/build
"TruckTest.LoadsDelivered" start time: Dec 29 18:08 Eastern Standard Time
Output:
----------------------------------------------------------
Running main() from C:\Users\felip\.conan2\p\b\gtestd213f3c2ac0a1\b\src\googletest\src\gtest_main.cc
Note: Google Test filter = TruckTest.LoadsDelivered
[==========] Running 1 test from 1 test suite.
[----------] Global test environment set-up.
[----------] 1 test from TruckTest
[ RUN      ] TruckTest.LoadsDelivered
[       OK ] TruckTest.LoadsDelivered (0 ms)
[----------] 1 test from TruckTest (0 ms total)

[----------] Global test environment tear-down
[==========] 1 test from 1 test suite ran. (0 ms total)
[  PASSED  ] 1 test.
<end of output>
Test time =   0.02 sec
----------------------------------------------------------
Test Passed.
"TruckTest.LoadsDelivered" end time: Dec 29 18:08 Eastern Standard Time
"TruckTest.LoadsDelivered" time elapsed: 00:00:00
----------------------------------------------------------

5/8 Testing: StationTest.DefaultConstructor
5/8 Test: StationTest.DefaultConstructor
Command: "C:/Users/felip/Desktop/CodeProjects/Lunar-Mining/build/Debug/lunar_mining_tests.exe" "--gtest_filter=StationTest.DefaultConstructor" "--gtest_also_run_disabled_tests"
Directory: C:/Users/felip/Desktop/CodeProjects/Lunar-Mining/build
"StationTest.DefaultConstructor" start time: Dec 29 18:08 Eastern Standard Time
Output:
----------------------------------------------------------
Running main() from C:\Users\felip\.conan2\p\b\gtestd213f3c2ac0a1\b\src\googletest\src\gtest_main.cc
Note: Google Test filter = StationTest.DefaultConstructor
[==========] Running 1 test from 1 test suite.
[----------] Global test environment set-up.
[----------] 1 test from StationTest
[ RUN      ] StationTest.DefaultConstructor
[       OK ] StationTest.DefaultConstructor (0 ms)
[----------] 1 test from StationTest (0 ms total)

[----------] Global test environment tear-down
[==========] 1 test from 1 test suite ran. (0 ms total)
[  PASSED  ] 1 test.
<end of output>
Test time =   0.02 sec
----------------------------------------------------------
Test Passed.
"StationTest.DefaultConstructor" end time: Dec 29 18:08 Eastern Standard Time
"StationTest.DefaultConstructor" time elapsed: 00:00:00
----------------------------------------------------------

6/8 Testing: StationTest.BusyUntilLogic
6/8 Test: StationTest.BusyUntilLogic
Command: "C:/Users/felip/Desktop/CodeProjects/Lunar-Mining/build/Debug/lunar_mining_tests.exe" "--gtest_filter=StationTest.BusyUntilLogic" "--gtest_also_run_disabled_tests"
Directory: C:/Users/felip/Desktop/CodeProjects/Lunar-Mining/build
"StationTest.BusyUntilLogic" start time: Dec 29 18:08 Eastern Standard Time
Output:
----------------------------------------------------------
Running main() from C:\Users\felip\.conan2\p\b\gtestd213f3c2ac0a1\b\src\googletest\src\gtest_main.cc
Note: Google Test filter = StationTest.BusyUntilLogic
[==========] Running 1 test from 1 test suite.
[----------] Global test environment set-up.
[----------] 1 test from StationTest
[ RUN      ] StationTest.BusyUntilLogic
[       OK ] StationTest.BusyUntilLogic (0 ms)
[----------] 1 test from StationTest (0 ms total)

[----------] Global test environment tear-down
[==========] 1 test from 1 test suite ran. (0 ms total)
[  PASSED  ] 1 test.
<end of output>
Test time =   0.02 sec
----------------------------------------------------------
Test Passed.
"StationTest.BusyUntilLogic" end time: Dec 29 18:08 Eastern Standard Time
"StationTest.BusyUntilLogic" time elapsed: 00:00:00
----------------------------------------------------------

7/8 Testing: StationTest.StationStats
7/8 Test: StationTest.StationStats
Command: "C:/Users/felip/Desktop/CodeProjects/Lunar-Mining/build/Debug/lunar_mining_tests.exe" "--gtest_filter=StationTest.StationStats" "--gtest_also_run_disabled_tests"
Directory: C:/Users/felip/Desktop/CodeProjects/Lunar-Mining/build
"StationTest.StationStats" start time: Dec 29 18:08 Eastern Standard Time
Output:
----------------------------------------------------------
Running main() from C:\Users\felip\.conan2\p\b\gtestd213f3c2ac0a1\b\src\googletest\src\gtest_main.cc
Note: Google Test filter = StationTest.StationStats
[==========] Running 1 test from 1 test suite.
[----------] Global test environment set-up.
[----------] 1 test from StationTest
[ RUN      ] StationTest.StationStats
[       OK ] StationTest.StationStats (0 ms)
[----------] 1 test from StationTest (0 ms total)

[----------] Global test environment tear-down
[==========] 1 test from 1 test suite ran. (1 ms total)
[  PASSED  ] 1 test.
<end of output>
Test time =   0.03 sec
----------------------------------------------------------
Test Passed.
"StationTest.StationStats" end time: Dec 29 18:08 Eastern Standard Time
"StationTest.StationStats" time elapsed: 00:00:00
----------------------------------------------------------

8/8 Testing: SimulationTest.BasicRun
8/8 Test: SimulationTest.BasicRun
Command: "C:/Users/felip/Desktop/CodeProjects/Lunar-Mining/build/Debug/lunar_mining_tests.exe" "--gtest_filter=SimulationTest.BasicRun" "--gtest_also_run_disabled_tests"
Directory: C:/Users/felip/Desktop/CodeProjects/Lunar-Mining/build
"SimulationTest.BasicRun" start time: Dec 29 18:08 Eastern Standard Time
Output:
----------------------------------------------------------
Running main() from C:\Users\felip\.conan2\p\b\gtestd213f3c2ac0a1\b\src\googletest\src\gtest_main.cc
Note: Google Test filter = SimulationTest.BasicRun
[==========] Running 1 test from 1 test suite.
[----------] Global test environment set-up.
[----------] 1 test from SimulationTest
[ RUN      ] SimulationTest.BasicRun

=== Lunar Mining Simulation Report ===
Total simulation time: 4318 minutes / 71.97 hours (<= 4320 minutes, i.e. 72 hours)

---- Truck Statistics ----
Truck 1: Loads Delivered = 19, Mining Time = 3318, Travel Time = 1140, Waiting Time = 0, Unloading Time = 95, Overall Time (hrs) = 75.88
Truck 2: Loads Delivered = 18, Mining Time = 3148, Travel Time = 1110, Waiting Time = 0, Unloading Time = 90, Overall Time (hrs) = 72.47

---- Station Statistics ----
Station 1: Loads Handled = 37, Total Busy Time = 185, Busy Until (final) = 4281

SIMULATION COMPLETED
[       OK ] SimulationTest.BasicRun (0 ms)
[----------] 1 test from SimulationTest (0 ms total)

[----------] Global test environment tear-down
[==========] 1 test from 1 test suite ran. (1 ms total)
[  PASSED  ] 1 test.
<end of output>
Test time =   0.02 sec
----------------------------------------------------------
Test Passed.
"SimulationTest.BasicRun" end time: Dec 29 18:08 Eastern Standard Time
"SimulationTest.BasicRun" time elapsed: 00:00:00
----------------------------------------------------------

End testing: Dec 29 18:08 Eastern Standard Time
